  Stage.cpp
  Title.cpp
  Scene.cpp
  Over.cpp
  Game.cpp
c:\users\1601271\documents\github\-task\アクションゲーム\アクションゲーム\typedef.h(2): fatal error C1083: include ファイルを開けません。'DxLib.h':No such file or directory
  Player.cpp
c:\users\1601271\documents\github\-task\アクションゲーム\アクションゲーム\typedef.h(2): fatal error C1083: include ファイルを開けません。'DxLib.h':No such file or directory
  Main.cpp
c:\users\1601271\documents\github\-task\アクションゲーム\アクションゲーム\typedef.h(2): fatal error C1083: include ファイルを開けません。'DxLib.h':No such file or directory
  Load.cpp
c:\users\1601271\documents\github\-task\アクションゲーム\アクションゲーム\typedef.h(2): fatal error C1083: include ファイルを開けません。'DxLib.h':No such file or directory
  Interface.cpp
c:\users\1601271\documents\github\-task\アクションゲーム\アクションゲーム\typedef.h(2): fatal error C1083: include ファイルを開けません。'DxLib.h':No such file or directory
  Input.cpp
c:\users\1601271\documents\github\-task\アクションゲーム\アクションゲーム\input.cpp(2): fatal error C1083: include ファイルを開けません。'DxLib.h':No such file or directory
  Ground.cpp
c:\users\1601271\documents\github\-task\アクションゲーム\アクションゲーム\typedef.h(2): fatal error C1083: include ファイルを開けません。'DxLib.h':No such file or directory
  Enemy.cpp
c:\users\1601271\documents\github\-task\アクションゲーム\アクションゲーム\typedef.h(2): fatal error C1083: include ファイルを開けません。'DxLib.h':No such file or directory
  Deadman.cpp
c:\users\1601271\documents\github\-task\アクションゲーム\アクションゲーム\typedef.h(2): fatal error C1083: include ファイルを開けません。'DxLib.h':No such file or directory
  Camera.cpp
  BackGround.cpp
c:\users\1601271\documents\github\-task\アクションゲーム\アクションゲーム\typedef.h(2): fatal error C1083: include ファイルを開けません。'DxLib.h':No such file or directory
  コードを生成中...
