  Bat.cpp
  Block.cpp
  Camera.cpp
  Deadman.cpp
  Enemy.cpp
  EnemyMane.cpp
  EventMane.cpp
  Ground.cpp
  Interface.cpp
  Ladder.cpp
  Player.cpp
  Continue.cpp
  Game.cpp
  Play.cpp
  Title.cpp
  Spear.cpp
  コード生成しています。
  181 of 2643 functions ( 6.8%) were compiled, the rest were copied from previous compilation.
    8 functions were new in current compilation
    148 functions had inline decision re-evaluated but remain unchanged
  コード生成が終了しました。
  アクションゲーム.vcxproj -> C:\Users\1601271\Documents\GitHub\-Task\アクションゲーム\Release\アクションゲーム.exe
